<?xml version="1.0" encoding="UTF-8"?>
<!-- Generated by org.testng.reporters.JUnitXMLReporter -->
<testsuite hostname="DESKTOP-MSUCRPV" name="Test" tests="4" failures="1" timestamp="9 Jun 2019 16:22:45 GMT" time="0.792" errors="0">
  <testcase name="@AfterMethod takescreenshot" time="0.0" classname="pages.DemoTestng">
    <failure type="java.lang.NullPointerException">
      <![CDATA[java.lang.NullPointerException
	at pages.CommonFunctions.screenshotcapture(CommonFunctions.java:275)
	at pages.BaseTestNg.takescreenshot(BaseTestNg.java:91)
	at java.util.concurrent.FutureTask.run(FutureTask.java:266)
	at java.util.concurrent.ThreadPoolExecutor.runWorker(ThreadPoolExecutor.java:1142)
	at java.util.concurrent.ThreadPoolExecutor$Worker.run(ThreadPoolExecutor.java:617)
	at java.lang.Thread.run(Thread.java:745)
... Removed 18 stack frames]]>
    </failure>
  </testcase> <!-- @AfterMethod takescreenshot -->
  <testcase name="test1" time="0.004" classname="pages.DemoTestng">
    <failure type="java.lang.NullPointerException">
      <![CDATA[java.lang.NullPointerException
	at pages.DemoTestng.test1(DemoTestng.java:26)
	at java.util.concurrent.FutureTask.run(FutureTask.java:266)
	at java.util.concurrent.ThreadPoolExecutor.runWorker(ThreadPoolExecutor.java:1142)
	at java.util.concurrent.ThreadPoolExecutor$Worker.run(ThreadPoolExecutor.java:617)
	at java.lang.Thread.run(Thread.java:745)
... Removed 16 stack frames]]>
    </failure>
  </testcase> <!-- test1 -->
  <testcase name="test2" time="0.004" classname="pages.DemoTestng">
    <skipped/>
  </testcase> <!-- test2 -->
  <testcase name="test3" time="0.003" classname="pages.DemoTestng">
    <skipped/>
  </testcase> <!-- test3 -->
  <testcase name="test4" time="0.002" classname="pages.DemoTestng">
    <skipped/>
  </testcase> <!-- test4 -->
</testsuite> <!-- Test -->
